\o Program:		@(#)$CDS: libManager version 6.1.7 - CAT35 03/14/2018 00:53 (sjfhw314) $
\o Sub version:		sub-version  s191 
\o Arguments:		-unmapped -mpssession virtuoso30615 -mpshost cadence1 
\o Working Directory:	cadence1:/home/vlsi1/23EC4224/project/RAM/ram_virtuoso
\o 64-bit offsets
\o Qt version: 		4.8.5
\o changeWorkingDir("/home/vlsi1/23EC4224/project/RAM/ram_virtuoso") unnecessary.
\o ddSetForcedLib("") unnecessary.
\o Log file is "/home/vlsi1/23EC4224/project/RAM/ram_virtuoso/libManager.log".
\o Opening libManager window.
\a nrSetWindowVisibility(cdsLibManager "show")
\o MPS service: map window
\a nrSetCurrentWindow(cdsLibManager)
\o Library Manager customization server connected.
\w Warning: The directory: '/home/install/FOUNDRY/rfLib_new' does not exist
\w 	but was defined in libFile '/cad/install/FOUNDRY/cds.lib' for Lib 'rfLib_new'.
\w Warning: The directory: '/cad/install/FOUNDRY/analog/45nm/gpdk045' does not exist
\w 	but was defined in libFile '/cad/install/FOUNDRY/cds.lib' for Lib 'gpdk045'.
\w Warning: The directory: '/cad/install/FOUNDRY/$AMSHOME/tools/affirma_ams/etc/connect_lib/connectLib' does not exist
\w 	but was defined in libFile '/cad/install/FOUNDRY/cds.lib' for Lib 'connectLib'.
\w Warning: The directory: '/cad/install/FOUNDRY/$CDSHOME/tools/dfII/samples/cdslib/sample' does not exist
\w 	but was defined in libFile '/cad/install/FOUNDRY/cds.lib' for Lib 'sample'.
\a nrResizeWindow(cdsLibManager list(179 63 1440 723))
\a lmgrLogShowPopup("mainListPopup0" 78 226 2 "")
\a cdsLibManager->editLibraryPathButton->value = t
\o Starting the cdsLibEditor...
\o MPS request: update library list
\w Warning: The directory: '/home/install/FOUNDRY/rfLib_new' does not exist
\w 	but was defined in libFile '/cad/install/FOUNDRY/cds.lib' for Lib 'rfLib_new'.
\w Warning: The directory: '/cad/install/FOUNDRY/analog/45nm/gpdk045' does not exist
\w 	but was defined in libFile '/cad/install/FOUNDRY/cds.lib' for Lib 'gpdk045'.
\w Warning: The directory: '/cad/install/FOUNDRY/$AMSHOME/tools/affirma_ams/etc/connect_lib/connectLib' does not exist
\w 	but was defined in libFile '/cad/install/FOUNDRY/cds.lib' for Lib 'connectLib'.
\w Warning: The directory: '/cad/install/FOUNDRY/$CDSHOME/tools/dfII/samples/cdslib/sample' does not exist
\w 	but was defined in libFile '/cad/install/FOUNDRY/cds.lib' for Lib 'sample'.
\o MPS request: update library list
\w Warning: The directory: '/home/install/FOUNDRY/rfLib_new' does not exist
\w 	but was defined in libFile '/cad/install/FOUNDRY/cds.lib' for Lib 'rfLib_new'.
\w Warning: The directory: '/cad/install/FOUNDRY/analog/45nm/gpdk045' does not exist
\w 	but was defined in libFile '/cad/install/FOUNDRY/cds.lib' for Lib 'gpdk045'.
\w Warning: The directory: '/cad/install/FOUNDRY/$AMSHOME/tools/affirma_ams/etc/connect_lib/connectLib' does not exist
\w 	but was defined in libFile '/cad/install/FOUNDRY/cds.lib' for Lib 'connectLib'.
\w Warning: The directory: '/cad/install/FOUNDRY/$CDSHOME/tools/dfII/samples/cdslib/sample' does not exist
\w 	but was defined in libFile '/cad/install/FOUNDRY/cds.lib' for Lib 'sample'.
\o MPS request: update library list
\w Warning: The directory: '/home/install/FOUNDRY/rfLib_new' does not exist
\w 	but was defined in libFile '/cad/install/FOUNDRY/cds.lib' for Lib 'rfLib_new'.
\w Warning: The directory: '/cad/install/FOUNDRY/analog/45nm/gpdk045' does not exist
\w 	but was defined in libFile '/cad/install/FOUNDRY/cds.lib' for Lib 'gpdk045'.
\w Warning: The directory: '/cad/install/FOUNDRY/$AMSHOME/tools/affirma_ams/etc/connect_lib/connectLib' does not exist
\w 	but was defined in libFile '/cad/install/FOUNDRY/cds.lib' for Lib 'connectLib'.
\w Warning: The directory: '/cad/install/FOUNDRY/$CDSHOME/tools/dfII/samples/cdslib/sample' does not exist
\w 	but was defined in libFile '/cad/install/FOUNDRY/cds.lib' for Lib 'sample'.
\a nrSetCurrentWindow(cdsLibManager)
\a cdsLibManager->fileExitButton->value = t
\o libManager is exiting.
\a nrSetWindowVisibility(cdsLibManager "hide")
\a exit(0)
