
Cadence Innovus(TM) Implementation System.
Copyright 2017 Cadence Design Systems, Inc. All rights reserved worldwide.

Version:	v17.12-s095_1, built Thu Nov 9 12:10:01 PST 2017
Options:	
Date:		Wed Dec 20 18:14:15 2023
Host:		cadence1 (x86_64 w/Linux 3.10.0-1160.el7.x86_64) (6cores*12cpus*Intel(R) Xeon(R) W-1250P CPU @ 4.10GHz 12288KB)
OS:		Red Hat Enterprise Linux Server release 7.9 (Maipo)

License:
		invs	Innovus Implementation System	17.1	checkout succeeded
		8 CPU jobs allowed with the current license(s). Use setMultiCpuUsage to set your required CPU count.
Change the soft stacksize limit to 0.2%RAM (127 mbytes). Set global soft_stack_size_limit to change the value.

**INFO:  MMMC transition support version v31-84 

<CMD> set_global _enable_mmmc_by_default_flow      $CTE::mmmc_default
<CMD> suppressMessage ENCEXT-2799
<CMD> getVersion
<CMD> getVersion
[INFO] Loading PVS 16.12-s208 fill procedures
<CMD> getDrawView
<CMD> loadWorkspace -name Physical
<CMD> win

*** Memory Usage v#1 (Current mem = 498.730M, initial mem = 179.895M) ***
*** Message Summary: 0 warning(s), 0 error(s)

--- Ending "Innovus" (totcpu=0:00:07.3, real=0:00:19.0, mem=498.7M) ---
